<?xml version="1.0" encoding="UTF-8"?>
<testsuite xmlns:xsi="http://www.w3.org/2001/XMLSchema-instance" xsi:noNamespaceSchemaLocation="https://maven.apache.org/surefire/maven-surefire-plugin/xsd/surefire-test-report-3.0.xsd" version="3.0" name="com.chengyun.UserService1Test" time="0.111" tests="3" errors="0" skipped="0" failures="0">
  <properties>
[...]
</properties>
  <testcase name="testGetGender2(String)[1]" classname="com.chengyun.UserService1Test" time="0.045">
    <system-out><![CDATA[所有测试开始！
测试开始！
测试获取性别2
测试结束！
]]></system-out>
  </testcase>
  <testcase name="testGetGender2(String)[2]" classname="com.chengyun.UserService1Test" time="0.002">
    <system-out><![CDATA[测试开始！
测试获取性别2
测试结束！
]]></system-out>
  </testcase>
  <testcase name="testGetGender" classname="com.chengyun.UserService1Test" time="0.002">
    <system-out><![CDATA[测试开始！
测试获取性别1
测试结束！
]]></system-out>
  </testcase>
</testsuite>